#
# There is insufficient memory for the Java Runtime Environment to continue.
# Native memory allocation (mmap) failed to map 65011712 bytes for G1 virtual space
# Possible reasons:
#   The system is out of physical RAM or swap space
#   The process is running with CompressedOops enabled, and the Java Heap may be blocking the growth of the native heap
# Possible solutions:
#   Reduce memory load on the system
#   Increase physical memory or swap space
#   Check if swap backing store is full
#   Decrease Java heap size (-Xmx/-Xms)
#   Decrease number of Java threads
#   Decrease Java thread stack sizes (-Xss)
#   Set larger code cache with -XX:ReservedCodeCacheSize=
#   JVM is running with Unscaled Compressed Oops mode in which the Java heap is
#     placed in the first 4GB address space. The Java Heap base address is the
#     maximum limit for the native heap growth. Please use -XX:HeapBaseMinAddress
#     to set the Java Heap base and to place the Java Heap above 4GB virtual address.
# This output file may be truncated or incomplete.
#
#  Out of Memory Error (os_windows.cpp:3771), pid=6796, tid=24544
#
# JRE version:  (17.0.7) (build )
# Java VM: OpenJDK 64-Bit Server VM (17.0.7+0-b2043.56-10550314, mixed mode, sharing, tiered, compressed oops, compressed class ptrs, g1 gc, windows-amd64)
# No core dump will be written. Minidumps are not enabled by default on client versions of Windows
#

---------------  S U M M A R Y ------------

Command Line: -Djava.awt.headless=true -Dorg.gradle.internal.worker.tmpdir=D:\MyApp\CoffeeShopApp\app\build\tmp\testDebugUnitTest\work -Dorg.gradle.native=false -Xmx512m -Dfile.encoding=UTF-8 -Duser.country=US -Duser.language=en -Duser.variant -ea worker.org.gradle.process.internal.worker.GradleWorkerMain 'Gradle Test Executor 1'

Host: Intel(R) Core(TM) i5-1035G1 CPU @ 1.00GHz, 8 cores, 3G,  Windows 10 , 64 bit Build 19041 (10.0.19041.3636)
Time: Wed Apr 17 22:48:00 2024 SE Asia Standard Time elapsed time: 0.036852 seconds (0d 0h 0m 0s)

---------------  T H R E A D  ---------------

Current thread (0x000002263be83da0):  JavaThread "Unknown thread" [_thread_in_vm, id=24544, stack(0x000000a6fb900000,0x000000a6fba00000)]

Stack: [0x000000a6fb900000,0x000000a6fba00000]
Native frames: (J=compiled Java code, j=interpreted, Vv=VM code, C=native code)
V  [jvm.dll+0x683bfa]
V  [jvm.dll+0x8430a4]
V  [jvm.dll+0x8449be]
V  [jvm.dll+0x845023]
V  [jvm.dll+0x24ad2f]
V  [jvm.dll+0x680ac9]
V  [jvm.dll+0x67519a]
V  [jvm.dll+0x30b3cb]
V  [jvm.dll+0x312876]
V  [jvm.dll+0x36221e]
V  [jvm.dll+0x36244f]
V  [jvm.dll+0x2e14a8]
V  [jvm.dll+0x2e2414]
V  [jvm.dll+0x814391]
V  [jvm.dll+0x36ffe1]
V  [jvm.dll+0x7f396c]
V  [jvm.dll+0x3f305f]
V  [jvm.dll+0x3f4b91]
C  [jli.dll+0x528f]
C  [ucrtbase.dll+0x21bb2]
C  [KERNEL32.DLL+0x17344]
C  [ntdll.dll+0x526b1]


---------------  P R O C E S S  ---------------

Threads class SMR info:
_java_thread_list=0x00007ffca90fd098, length=0, elements={
}

Java Threads: ( => current thread )

Other Threads:
  0x000002263beb26f0 GCTaskThread "GC Thread#0" [stack: 0x000000a6fba00000,0x000000a6fbb00000] [id=22340]
  0x000002263beb7ce0 ConcurrentGCThread "G1 Main Marker" [stack: 0x000000a6fbb00000,0x000000a6fbc00000] [id=19516]
  0x000002263beb8600 ConcurrentGCThread "G1 Conc#0" [stack: 0x000000a6fbc00000,0x000000a6fbd00000] [id=5880]

[error occurred during error reporting (printing all threads), id 0xc0000005, EXCEPTION_ACCESS_VIOLATION (0xc0000005) at pc=0x00007ffca88b2087]

VM state: not at safepoint (not fully initialized)

VM Mutex/Monitor currently owned by a thread:  ([mutex/lock_event])
[0x000002263be7f720] Heap_lock - owner thread: 0x000002263be83da0

Heap address: 0x00000000e0000000, size: 512 MB, Compressed Oops mode: 32-bit

CDS archive(s) mapped at: [0x0000000000000000-0x0000000000000000-0x0000000000000000), size 0, SharedBaseAddress: 0x0000000800000000, ArchiveRelocationMode: 0.
Narrow klass base: 0x0000000000000000, Narrow klass shift: 0, Narrow klass range: 0x0

GC Precious Log:
<Empty>

Heap:
 garbage-first heap   total 0K, used 0K [0x00000000e0000000, 0x0000000100000000)
  region size 1024K, 0 young (0K), 0 survivors (0K)
 Metaspace       used 0K, committed 0K, reserved 0K
  class space    used 0K, committed 0K, reserved 0K

Heap Regions: E=young(eden), S=young(survivor), O=old, HS=humongous(starts), HC=humongous(continues), CS=collection set, F=free, OA=open archive, CA=closed archive, TAMS=top-at-mark-start (previous, next)

Card table byte_map: [0x000002264e790000,0x000002264e890000] _byte_map_base: 0x000002264e090000

Marking Bits (Prev, Next): (CMBitMap*) 0x000002263beb2c10, (CMBitMap*) 0x000002263beb2c50
 Prev Bits: [0x000002264e990000, 0x000002264f190000)
 Next Bits: [0x000002264f190000, 0x000002264f990000)

GC Heap History (0 events):
No events

Dll operation events (1 events):
Event: 0.022 Loaded shared library D:\DOWLOAD\Android\jbr\bin\java.dll

Deoptimization events (0 events):
No events

Classes unloaded (0 events):
No events

Classes redefined (0 events):
No events

Internal exceptions (0 events):
No events

VM Operations (0 events):
No events

Events (0 events):
No events


Dynamic libraries:
0x00007ff6f3ab0000 - 0x00007ff6f3aba000 	D:\DOWLOAD\Android\jbr\bin\java.exe
0x00007ffd1e830000 - 0x00007ffd1ea28000 	C:\Windows\SYSTEM32\ntdll.dll
0x00007ffd1d4d0000 - 0x00007ffd1d58d000 	C:\Windows\System32\KERNEL32.DLL
0x00007ffd1c110000 - 0x00007ffd1c406000 	C:\Windows\System32\KERNELBASE.dll
0x00007ffd1bee0000 - 0x00007ffd1bfe0000 	C:\Windows\System32\ucrtbase.dll
0x00007ffcd4690000 - 0x00007ffcd46a7000 	D:\DOWLOAD\Android\jbr\bin\jli.dll
0x00007ffd14ab0000 - 0x00007ffd14acb000 	D:\DOWLOAD\Android\jbr\bin\VCRUNTIME140.dll
0x00007ffd1e5f0000 - 0x00007ffd1e78e000 	C:\Windows\System32\USER32.dll
0x00007ffd1c0e0000 - 0x00007ffd1c102000 	C:\Windows\System32\win32u.dll
0x00007ffd1df60000 - 0x00007ffd1df8b000 	C:\Windows\System32\GDI32.dll
0x00007ffd1c710000 - 0x00007ffd1c827000 	C:\Windows\System32\gdi32full.dll
0x00007ffd1c5e0000 - 0x00007ffd1c67d000 	C:\Windows\System32\msvcp_win.dll
0x00007ffd07320000 - 0x00007ffd075ba000 	C:\Windows\WinSxS\amd64_microsoft.windows.common-controls_6595b64144ccf1df_6.0.19041.3636_none_60b6a03d71f818d5\COMCTL32.dll
0x00007ffd1dda0000 - 0x00007ffd1de3e000 	C:\Windows\System32\msvcrt.dll
0x00007ffd1d7e0000 - 0x00007ffd1d812000 	C:\Windows\System32\IMM32.DLL
0x00007ffd14aa0000 - 0x00007ffd14aac000 	D:\DOWLOAD\Android\jbr\bin\vcruntime140_1.dll
0x00007ffd14740000 - 0x00007ffd147cd000 	D:\DOWLOAD\Android\jbr\bin\msvcp140.dll
0x00007ffca85c0000 - 0x00007ffca9240000 	D:\DOWLOAD\Android\jbr\bin\server\jvm.dll
0x00007ffd1de40000 - 0x00007ffd1def0000 	C:\Windows\System32\ADVAPI32.dll
0x00007ffd1e420000 - 0x00007ffd1e4c0000 	C:\Windows\System32\sechost.dll
0x00007ffd1ca30000 - 0x00007ffd1cb55000 	C:\Windows\System32\RPCRT4.dll
0x00007ffd1c830000 - 0x00007ffd1c857000 	C:\Windows\System32\bcrypt.dll
0x00007ffd07770000 - 0x00007ffd07797000 	C:\Windows\SYSTEM32\WINMM.dll
0x00007ffd0b460000 - 0x00007ffd0b469000 	C:\Windows\SYSTEM32\WSOCK32.dll
0x00007ffd1def0000 - 0x00007ffd1df5b000 	C:\Windows\System32\WS2_32.dll
0x00007ffd13510000 - 0x00007ffd1351a000 	C:\Windows\SYSTEM32\VERSION.dll
0x00007ffd1a720000 - 0x00007ffd1a732000 	C:\Windows\SYSTEM32\kernel.appcore.dll
0x00007ffd07000000 - 0x00007ffd0700a000 	D:\DOWLOAD\Android\jbr\bin\jimage.dll
0x00007ffd1a440000 - 0x00007ffd1a624000 	C:\Windows\SYSTEM32\DBGHELP.DLL
0x00007ffd05b50000 - 0x00007ffd05b84000 	C:\Windows\SYSTEM32\dbgcore.DLL
0x00007ffd1c680000 - 0x00007ffd1c702000 	C:\Windows\System32\bcryptPrimitives.dll
0x00007ffcd8d60000 - 0x00007ffcd8d85000 	D:\DOWLOAD\Android\jbr\bin\java.dll

dbghelp: loaded successfully - version: 4.0.5 - missing functions: none
symbol engine: initialized successfully - sym options: 0x614 - pdb path: .;D:\DOWLOAD\Android\jbr\bin;C:\Windows\SYSTEM32;C:\Windows\WinSxS\amd64_microsoft.windows.common-controls_6595b64144ccf1df_6.0.19041.3636_none_60b6a03d71f818d5;D:\DOWLOAD\Android\jbr\bin\server

VM Arguments:
jvm_args: -Djava.awt.headless=true -Dorg.gradle.internal.worker.tmpdir=D:\MyApp\CoffeeShopApp\app\build\tmp\testDebugUnitTest\work -Dorg.gradle.native=false -Xmx512m -Dfile.encoding=UTF-8 -Duser.country=US -Duser.language=en -Duser.variant -ea 
java_command: worker.org.gradle.process.internal.worker.GradleWorkerMain 'Gradle Test Executor 1'
java_class_path (initial): C:\\Users\\Admin\\.gradle\\caches\\8.2\\workerMain\\gradle-worker.jar;D:\\MyApp\\CoffeeShopApp\\app\\build\\intermediates\\javac\\debugUnitTest\\classes;D:\\MyApp\\CoffeeShopApp\\app\\build\\intermediates\\runtime_app_classes_jar\\debug\\classes.jar;C:\\Users\\Admin\\.gradle\\caches\\modules-2\\files-2.1\\junit\\junit\\4.13.2\\8ac9e16d933b6fb43bc7f576336b8f4d7eb5ba12\\junit-4.13.2.jar;C:\\Users\\Admin\\.gradle\\caches\\transforms-3\\4de141815a685910ba0159181b18e681\\transformed\\material-1.11.0-runtime.jar;C:\\Users\\Admin\\.gradle\\caches\\transforms-3\\82c87934c08d172ca404d078bba83f3e\\transformed\\constraintlayout-2.1.4-runtime.jar;C:\\Users\\Admin\\.gradle\\caches\\transforms-3\\b454a320fad4e462f98c893b3e48b5c7\\transformed\\appcompat-resources-1.6.1-runtime.jar;C:\\Users\\Admin\\.gradle\\caches\\transforms-3\\055256b884b2fc36f857acba94472e40\\transformed\\appcompat-1.6.1-runtime.jar;C:\\Users\\Admin\\.gradle\\caches\\transforms-3\\fc45728d7bb2b0c0070270d877d6118b\\transformed\\glide-4.12.0-runtime.jar;C:\\Users\\Admin\\.gradle\\caches\\transforms-3\\387b91bcbb814c7e716c8681d5682e40\\transformed\\MPAndroidChart-v3.1.0-runtime.jar;C:\\Users\\Admin\\.gradle\\caches\\transforms-3\\9c087e0c43e5c660ac728b26857e79f8\\transformed\\firebase-storage-20.3.0-runtime.jar;C:\\Users\\Admin\\.gradle\\caches\\transforms-3\\eef144be082eb093ecb1145994bb7ca9\\transformed\\firebase-analytics-21.6.2-runtime.jar;C:\\Users\\Admin\\.gradle\\caches\\transforms-3\\59dffdcc1c942cf9f4c1f13be51d8c2b\\transformed\\firebase-auth-22.3.1-runtime.jar;C:\\Users\\Admin\\.gradle\\caches\\transforms-3\\eb0982f58880a6972a44467501688f3f\\transformed\\firebase-database-20.3.1-runtime.jar;C:\\Users\\Admin\\.gradle\\caches\\modules-2\\files-2.1\\org.hamcrest\\hamcrest-core\\1.3\\42a25dc3219429f0e5d060061f71acb49bf010a0\\hamcrest-core-1.3.jar;C:\\Users\\Admin\\.gradle\\caches\\transforms-3\\40bf3b785a7689289ebfb7bd7b009691\\transformed\\firebase-appcheck-17.1.2-runtime.jar;C:\
Launcher Type: SUN_STANDARD

[Global flags]
     intx CICompilerCount                          = 4                                         {product} {ergonomic}
     uint ConcGCThreads                            = 2                                         {product} {ergonomic}
     uint G1ConcRefinementThreads                  = 8                                         {product} {ergonomic}
   size_t G1HeapRegionSize                         = 1048576                                   {product} {ergonomic}
    uintx GCDrainStackTargetSize                   = 64                                        {product} {ergonomic}
   size_t InitialHeapSize                          = 65011712                                  {product} {ergonomic}
   size_t MarkStackSize                            = 4194304                                   {product} {ergonomic}
   size_t MaxHeapSize                              = 536870912                                 {product} {command line}
   size_t MinHeapDeltaBytes                        = 1048576                                   {product} {ergonomic}
   size_t MinHeapSize                              = 8388608                                   {product} {ergonomic}
    uintx NonNMethodCodeHeapSize                   = 5839372                                {pd product} {ergonomic}
    uintx NonProfiledCodeHeapSize                  = 122909434                              {pd product} {ergonomic}
    uintx ProfiledCodeHeapSize                     = 122909434                              {pd product} {ergonomic}
    uintx ReservedCodeCacheSize                    = 251658240                              {pd product} {ergonomic}
     bool SegmentedCodeCache                       = true                                      {product} {ergonomic}
   size_t SoftMaxHeapSize                          = 536870912                              {manageable} {ergonomic}
     bool UseCompressedClassPointers               = true                           {product lp64_product} {ergonomic}
     bool UseCompressedOops                        = true                           {product lp64_product} {ergonomic}
     bool UseG1GC                                  = true                                      {product} {ergonomic}
     bool UseLargePagesIndividualAllocation        = false                                  {pd product} {ergonomic}

Logging:
Log output configuration:
 #0: stdout all=warning uptime,level,tags
 #1: stderr all=off uptime,level,tags

Environment Variables:
JAVA_HOME=C:\Program Files\Java\jdk-19_windows-x64_bin (1).exe
PATH=C:\Program Files\Common Files\Oracle\Java\javapath;C:\Windows\system32;C:\Windows;C:\Windows\System32\Wbem;C:\Windows\System32\WindowsPowerShell\v1.0\;C:\Windows\System32\OpenSSH\;C:\Program Files (x86)\NVIDIA Corporation\PhysX\Common;C:\Program Files\Java\jdk-19_windows-x64_bin (1).exe\bin;%MAVAN_HOME%\bin;C:\Program Files\Azure Data Studio\bin;C:\Program Files\Microsoft SQL Server\120\DTS\Binn\;C:\Program Files\Microsoft SQL Server\Client SDK\ODBC\110\Tools\Binn\;C:\Program Files (x86)\Microsoft SQL Server\120\Tools\Binn\;C:\Program Files\Microsoft SQL Server\120\Tools\Binn\;C:\Program Files (x86)\Microsoft SQL Server\120\Tools\Binn\ManagementStudio\;C:\Program Files (x86)\Microsoft SQL Server\120\DTS\Binn\;C:\Program Files\Microsoft SQL Server\130\Tools\Binn\;C:\Program Files\Microsoft SQL Server\Client SDK\ODBC\170\Tools\Binn\;C:\Users\Admin\Downloads\miniconda3\condabin\bin\;C:\MinGW\bin;C:\Users\Admin\AppData\Local\Programs\Python\Python310\;C:\Python39\Scripts;C:\Program Files\Git\cmd;C:\Users\Admin\AppData\Local\Microsoft\WindowsApps;C:\Users\Admin\AppData\Local\Programs\Microsoft VS Code\bin;C:\Program Files\JetBrains\PyCharm 2022.2.1\bin;;D:\;C:\Program Files\Azure Data Studio\bin;C:\Users\Admin\AppData\Local\GitHubDesktop\bin
USERNAME=Admin
OS=Windows_NT
PROCESSOR_IDENTIFIER=Intel64 Family 6 Model 126 Stepping 5, GenuineIntel
TMP=C:\Users\Admin\AppData\Local\Temp
TEMP=C:\Users\Admin\AppData\Local\Temp


JNI global refs:
JNI global refs: 0, weak refs: 0

JNI global refs memory usage: 0, weak refs: 0

OOME stack traces (most recent first):
Classloader memory used:


---------------  S Y S T E M  ---------------

OS:
 Windows 10 , 64 bit Build 19041 (10.0.19041.3636)
OS uptime: 27 days 22:30 hours

CPU: total 8 (initial active 8) (4 cores per cpu, 2 threads per core) family 6 model 126 stepping 5 microcode 0x6a, cx8, cmov, fxsr, ht, mmx, 3dnowpref, sse, sse2, sse3, ssse3, sse4.1, sse4.2, popcnt, lzcnt, tsc, tscinvbit, avx, avx2, aes, erms, clmul, bmi1, bmi2, adx, avx512f, avx512dq, avx512cd, avx512bw, avx512vl, sha, fma, vzeroupper, avx512_vpopcntdq, avx512_vpclmulqdq, avx512_vaes, avx512_vnni, clflush, clflushopt, avx512_vbmi2, avx512_vbmi

Memory: 4k page, system-wide physical 3860M (26M free)
TotalPageFile size 15636M (AvailPageFile size 65M)
current process WorkingSet (physical memory assigned to process): 9M, peak: 9M
current process commit charge ("private bytes"): 59M, peak: 121M

vm_info: OpenJDK 64-Bit Server VM (17.0.7+0-b2043.56-10550314) for windows-amd64 JRE (17.0.7+0-b2043.56-10550314), built on Jul 24 2023 18:27:45 by "androidbuild" with MS VC++ 16.10 / 16.11 (VS2019)

END.
